setting up pin 17...
setting up pin 27...
setting up pin 22...
setting up pin 23...
setting up pin 24...
setting up pin 5...
setting up pin 6...
setting up pin 16...
--Step CW--
INCOMMING DATA:
Selected_stepper: STY
Requested_angle: 80.69
Requested_direction: cw
Current_angle: 0.0
Requested_steps: 918

--Step CCW--
INCOMMING DATA:
Selected_stepper: STX
Requested_angle: 222.97
Requested_direction: ccw
Current_angle: 0.0
Requested_steps: 1560

--Step CW--
INCOMMING DATA:
Selected_stepper: STY
Requested_angle: 80.69
Requested_direction: cw
Current_angle: 80.68359375
Requested_steps: 0

--Step CW--
INCOMMING DATA:
Selected_stepper: STX
Requested_angle: 222.97
Requested_direction: cw
Current_angle: 222.890625
Requested_steps: 0

--Step CW--
INCOMMING DATA:
Selected_stepper: STY
Requested_angle: 80.69
Requested_direction: cw
Current_angle: 80.68359375
Requested_steps: 0

--Step CW--
INCOMMING DATA:
Selected_stepper: STX
Requested_angle: 222.97
Requested_direction: cw
Current_angle: 222.890625
Requested_steps: 0

--Step CW--
INCOMMING DATA:
Selected_stepper: STY
Requested_angle: 80.69
Requested_direction: cw
Current_angle: 80.68359375
Requested_steps: 0

--Step CW--
INCOMMING DATA:
Selected_stepper: STX
Requested_angle: 222.97
Requested_direction: cw
Current_angle: 222.890625
Requested_steps: 0

--Step CW--
INCOMMING DATA:
Selected_stepper: STY
Requested_angle: 80.69
Requested_direction: cw
Current_angle: 80.68359375
Requested_steps: 0

--Step CW--
INCOMMING DATA:
Selected_stepper: STX
Requested_angle: 222.97
Requested_direction: cw
Current_angle: 222.890625
Requested_steps: 0

--Step CW--
INCOMMING DATA:
Selected_stepper: STY
Requested_angle: 80.69
Requested_direction: cw
Current_angle: 80.68359375
Requested_steps: 0

--Step CW--
INCOMMING DATA:
Selected_stepper: STX
Requested_angle: 222.97
Requested_direction: cw
Current_angle: 222.890625
Requested_steps: 0

--Step CW--
INCOMMING DATA:
Selected_stepper: STY
Requested_angle: 80.69
Requested_direction: cw
Current_angle: 80.68359375
Requested_steps: 0

--Step CW--
INCOMMING DATA:
Selected_stepper: STX
Requested_angle: 222.97
Requested_direction: cw
Current_angle: 222.890625
Requested_steps: 0

--Step CW--
INCOMMING DATA:
Selected_stepper: STY
Requested_angle: 80.69
Requested_direction: cw
Current_angle: 80.68359375
Requested_steps: 0

--Step CW--
INCOMMING DATA:
Selected_stepper: STX
Requested_angle: 222.97
Requested_direction: cw
Current_angle: 222.890625
Requested_steps: 0

--Step CW--
INCOMMING DATA:
Selected_stepper: STY
Requested_angle: 80.69
Requested_direction: cw
Current_angle: 80.68359375
Requested_steps: 0

--Step CW--
INCOMMING DATA:
Selected_stepper: STX
Requested_angle: 222.97
Requested_direction: cw
Current_angle: 222.890625
Requested_steps: 0

--Step CW--
INCOMMING DATA:
Selected_stepper: STY
Requested_angle: 80.69
Requested_direction: cw
Current_angle: 80.68359375
Requested_steps: 0

--Step CW--
INCOMMING DATA:
Selected_stepper: STX
Requested_angle: 222.97
Requested_direction: cw
Current_angle: 222.890625
Requested_steps: 0

--Step CW--
INCOMMING DATA:
Selected_stepper: STY
Requested_angle: 80.69
Requested_direction: cw
Current_angle: 80.68359375
Requested_steps: 0

--Step CW--
INCOMMING DATA:
Selected_stepper: STX
Requested_angle: 222.97
Requested_direction: cw
Current_angle: 222.890625
Requested_steps: 0

--Step CW--
INCOMMING DATA:
Selected_stepper: STY
Requested_angle: 80.69
Requested_direction: cw
Current_angle: 80.68359375
Requested_steps: 0

--Step CW--
INCOMMING DATA:
Selected_stepper: STX
Requested_angle: 222.97
Requested_direction: cw
Current_angle: 222.890625
Requested_steps: 0

--Step CW--
INCOMMING DATA:
Selected_stepper: STY
Requested_angle: 80.69
Requested_direction: cw
Current_angle: 80.68359375
Requested_steps: 0

--Step CW--
INCOMMING DATA:
Selected_stepper: STX
Requested_angle: 222.97
Requested_direction: cw
Current_angle: 222.890625
Requested_steps: 0

--Step CW--
INCOMMING DATA:
Selected_stepper: STY
Requested_angle: 80.69
Requested_direction: cw
Current_angle: 80.68359375
Requested_steps: 0

--Step CW--
INCOMMING DATA:
Selected_stepper: STX
Requested_angle: 222.97
Requested_direction: cw
Current_angle: 222.890625
Requested_steps: 0

--Step CW--
INCOMMING DATA:
Selected_stepper: STY
Requested_angle: 80.69
Requested_direction: cw
Current_angle: 80.68359375
Requested_steps: 0

--Step CW--
INCOMMING DATA:
Selected_stepper: STX
Requested_angle: 222.97
Requested_direction: cw
Current_angle: 222.890625
Requested_steps: 0

--Step CW--
INCOMMING DATA:
Selected_stepper: STY
Requested_angle: 80.69
Requested_direction: cw
Current_angle: 80.68359375
Requested_steps: 0

--Step CW--
INCOMMING DATA:
Selected_stepper: STX
Requested_angle: 222.97
Requested_direction: cw
Current_angle: 222.890625
Requested_steps: 0

--Step CW--
INCOMMING DATA:
Selected_stepper: STY
Requested_angle: 80.69
Requested_direction: cw
Current_angle: 80.68359375
Requested_steps: 0

--Step CW--
INCOMMING DATA:
Selected_stepper: STX
Requested_angle: 222.97
Requested_direction: cw
Current_angle: 222.890625
Requested_steps: 0

--Step CW--
INCOMMING DATA:
Selected_stepper: STY
Requested_angle: 80.69
Requested_direction: cw
Current_angle: 80.68359375
Requested_steps: 0

--Step CW--
INCOMMING DATA:
Selected_stepper: STX
Requested_angle: 222.97
Requested_direction: cw
Current_angle: 222.890625
Requested_steps: 0

--Step CW--
INCOMMING DATA:
Selected_stepper: STY
Requested_angle: 80.69
Requested_direction: cw
Current_angle: 80.68359375
Requested_steps: 0

--Step CW--
INCOMMING DATA:
Selected_stepper: STX
Requested_angle: 222.97
Requested_direction: cw
Current_angle: 222.890625
Requested_steps: 0

--Step CW--
INCOMMING DATA:
Selected_stepper: STY
Requested_angle: 80.69
Requested_direction: cw
Current_angle: 80.68359375
Requested_steps: 0

--Step CW--
INCOMMING DATA:
Selected_stepper: STX
Requested_angle: 222.97
Requested_direction: cw
Current_angle: 222.890625
Requested_steps: 0

--Step CW--
INCOMMING DATA:
Selected_stepper: STY
Requested_angle: 80.69
Requested_direction: cw
Current_angle: 80.68359375
Requested_steps: 0

--Step CW--
INCOMMING DATA:
Selected_stepper: STX
Requested_angle: 222.97
Requested_direction: cw
Current_angle: 222.890625
Requested_steps: 0

--Step CW--
INCOMMING DATA:
Selected_stepper: STY
Requested_angle: 80.69
Requested_direction: cw
Current_angle: 80.68359375
Requested_steps: 0

--Step CW--
INCOMMING DATA:
Selected_stepper: STX
Requested_angle: 222.97
Requested_direction: cw
Current_angle: 222.890625
Requested_steps: 0

--Step CW--
INCOMMING DATA:
Selected_stepper: STY
Requested_angle: 80.69
Requested_direction: cw
Current_angle: 80.68359375
Requested_steps: 0

--Step CW--
INCOMMING DATA:
Selected_stepper: STX
Requested_angle: 222.97
Requested_direction: cw
Current_angle: 222.890625
Requested_steps: 0

--Step CW--
INCOMMING DATA:
Selected_stepper: STY
Requested_angle: 80.69
Requested_direction: cw
Current_angle: 80.68359375
Requested_steps: 0

--Step CW--
INCOMMING DATA:
Selected_stepper: STX
Requested_angle: 222.97
Requested_direction: cw
Current_angle: 222.890625
Requested_steps: 0

--Step CW--
INCOMMING DATA:
Selected_stepper: STY
Requested_angle: 80.69
Requested_direction: cw
Current_angle: 80.68359375
Requested_steps: 0

--Step CW--
INCOMMING DATA:
Selected_stepper: STX
Requested_angle: 222.97
Requested_direction: cw
Current_angle: 222.890625
Requested_steps: 0

--Step CW--
INCOMMING DATA:
Selected_stepper: STY
Requested_angle: 80.69
Requested_direction: cw
Current_angle: 80.68359375
Requested_steps: 0

--Step CW--
INCOMMING DATA:
Selected_stepper: STX
Requested_angle: 222.97
Requested_direction: cw
Current_angle: 222.890625
Requested_steps: 0

--Step CW--
INCOMMING DATA:
Selected_stepper: STY
Requested_angle: 80.69
Requested_direction: cw
Current_angle: 80.68359375
Requested_steps: 0

--Step CW--
INCOMMING DATA:
Selected_stepper: STX
Requested_angle: 222.97
Requested_direction: cw
Current_angle: 222.890625
Requested_steps: 0

--Step CW--
INCOMMING DATA:
Selected_stepper: STY
Requested_angle: 80.69
Requested_direction: cw
Current_angle: 80.68359375
Requested_steps: 0

--Step CW--
